<?xml version="1.0" encoding="UTF-8"?>
<testsuite xmlns:xsi="http://www.w3.org/2001/XMLSchema-instance" xsi:noNamespaceSchemaLocation="https://maven.apache.org/surefire/maven-surefire-plugin/xsd/surefire-test-report.xsd" name="com.jhsoftware.productservice.ProductServiceApplicationTests" time="11.917" tests="2" errors="0" skipped="0" failures="0">
  <properties>
[...]
</properties>
  <testcase name="shouldFindAllProducts" classname="com.jhsoftware.productservice.ProductServiceApplicationTests" time="0.783"/>
  <testcase name="shouldCreateProduct" classname="com.jhsoftware.productservice.ProductServiceApplicationTests" time="0.154"/>
</testsuite>